#
# A fatal error has been detected by the Java Runtime Environment:
#
#  EXCEPTION_ACCESS_VIOLATION (0xc0000005) at pc=0x00007ff98c010f7a, pid=6196, tid=1652
#
# JRE version: OpenJDK Runtime Environment (Red_Hat-17.0.4.1+1-1) (17.0.4.1+1) (build 17.0.4.1+1-LTS)
# Java VM: OpenJDK 64-Bit Server VM (Red_Hat-17.0.4.1+1-1) (17.0.4.1+1-LTS, mixed mode, sharing, tiered, compressed oops, compressed class ptrs, g1 gc, windows-amd64)
# Problematic frame:
# V  [jvm.dll+0x7a0f7a]
#
# No core dump will be written. Minidumps are not enabled by default on client versions of Windows
#
# If you would like to submit a bug report, please visit:
#   https://bugzilla.redhat.com/enter_bug.cgi
#

---------------  S U M M A R Y ------------

Command Line: -XX:+ShowCodeDetailsInExceptionMessages -agentlib:jdwp=transport=dt_socket,suspend=y,address=localhost:64418 -javaagent:C:\eclipse_2020\eclipse\configuration\org.eclipse.osgi\405\0\.cp\lib\javaagent-shaded.jar -Dfile.encoding=Cp1252 Uinterface

Host: Intel(R) Core(TM) i7-10510U CPU @ 1.80GHz, 8 cores, 15G,  Windows 11 , 64 bit Build 22621 (10.0.22621.3527)
Time: Wed Oct 30 17:58:35 2024 ora solare Europa occidentale elapsed time: 177.846410 seconds (0d 0h 2m 57s)

---------------  T H R E A D  ---------------

Current thread (0x00000176449cd6a0):  JavaThread "JDWP Transport Listener: dt_socket" daemon [_thread_in_vm, id=1652, stack(0x0000003fdb800000,0x0000003fdb900000)]

Stack: [0x0000003fdb800000,0x0000003fdb900000],  sp=0x0000003fdb8ff740,  free space=1021k
Native frames: (J=compiled Java code, j=interpreted, Vv=VM code, C=native code)
V  [jvm.dll+0x7a0f7a]
V  [jvm.dll+0x50a55c]
V  [jvm.dll+0x4d1975]
C  [jdwp.dll+0x2301b]


siginfo: EXCEPTION_ACCESS_VIOLATION (0xc0000005), reading address 0x0000000000fa00fc


Register to memory mapping:

RIP=0x00007ff98c010f7a jvm.dll
RAX=0x00000000000000f7 is an unknown value
RBX=0x0000017643e4c47e points into unknown readable memory: 73 74
RCX=0x0000000000fa00f8 is an unknown value
RDX=0x0000017648f58560 points into unknown readable memory: 0x656369767265734c | 4c 73 65 72 76 69 63 65
RSP=0x0000003fdb8ff740 is pointing into the stack for thread: 0x00000176449cd6a0
RBP=0x00000176449b3d50 points into unknown readable memory: 0x0000000000000002 | 02 00 00 00 00 00 00 00
RSI=0x0 is NULL
RDI=0xffffffffffffffff is an unknown value
R8 =0x000000000000001a is an unknown value
R9 =0x0000000000000040 is an unknown value
R10=0x0 is NULL
R11=0x0000003fdb8ff760 is pointing into the stack for thread: 0x00000176449cd6a0
R12=0x0000003fdb8ff898 is pointing into the stack for thread: 0x00000176449cd6a0
R13=0x0 is NULL
R14=0x0000000800cc3ac8 is a pointer to class: 
service.JarWorkerWithParams {0x0000000800cc3ad0}
 - instance size:     9
 - klass size:        83
 - access:            public synchronized 
 - state:             fully_initialized
 - name:              'service/JarWorkerWithParams'
 - super:             'javax/swing/SwingWorker'
 - sub:               
 - arrays:            NULL
 - methods:           Array<T>(0x00000176471061a0)
 - method ordering:   Array<T>(0x0000017647106cf8)
 - default_methods:   Array<T>(0x0000000000000000)
 - local interfaces:  Array<T>(0x00000008005cf858)
 - trans. interfaces: Array<T>(0x00000176470e2678)
 - constants:         constant pool [275]/operands[14] {0x0000017647107718} for 'service/JarWorkerWithParams' cache=0x00000176471034c0
 - class loader data:  loader data: 0x0000017643e1c520 for instance a 'jdk/internal/loader/ClassLoaders$AppClassLoader'{0x000000070625c690}
 - source file:       'JarWorkerWithParams.java'
 - class annotations:       Array<T>(0x0000000000000000)
 - class type annotations:  Array<T>(0x0000000000000000)
 - field annotations:       Array<T>(0x0000000000000000)
 - field type annotations:  Array<T>(0x0000000000000000)
 - previous version:  constant pool [271]/operands[14] {0x0000017647104008} for 'service/JarWorkerWithParams' (extra) cache=0x0000017647105218
 - generic signature: '
[error occurred during error reporting (printing register info), id 0xc0000005, EXCEPTION_ACCESS_VIOLATION (0xc0000005) at pc=0x00007ff98c011b86]

Registers:
RAX=0x00000000000000f7, RBX=0x0000017643e4c47e, RCX=0x0000000000fa00f8, RDX=0x0000017648f58560
RSP=0x0000003fdb8ff740, RBP=0x00000176449b3d50, RSI=0x0000000000000000, RDI=0xffffffffffffffff
R8 =0x000000000000001a, R9 =0x0000000000000040, R10=0x0000000000000000, R11=0x0000003fdb8ff760
R12=0x0000003fdb8ff898, R13=0x0000000000000000, R14=0x0000000800cc3ac8, R15=0x0000003fdb8ff8e8
RIP=0x00007ff98c010f7a, EFLAGS=0x0000000000010202

Top of Stack: (sp=0x0000003fdb8ff740)
0x0000003fdb8ff740:   000000000000001b 0000000800cc3ac8
0x0000003fdb8ff750:   00000176449cd6a0 0000000000000000
0x0000003fdb8ff760:   ffffffffffffffff 00007ff98bd7a55c
0x0000003fdb8ff770:   0000017643e4c47e 0000017643e4c460
0x0000003fdb8ff780:   00000176449b3d50 0000017648f41b30
0x0000003fdb8ff790:   0000017643e4c430 00000000000003d8
0x0000003fdb8ff7a0:   0000017643e4c440 0000017643e4c818
0x0000003fdb8ff7b0:   0000000000000002 0000003fdb8ff898
0x0000003fdb8ff7c0:   0000000000000000 0000000000000000
0x0000003fdb8ff7d0:   0000000714bd0540 00007ff98bd41975
0x0000003fdb8ff7e0:   00000176449cd6a0 0000003fdb8ff8e8
0x0000003fdb8ff7f0:   000001761f7fc980 0000003fdb8ff8e8
0x0000003fdb8ff800:   00000176449cd6a0 0000000000000000
0x0000003fdb8ff810:   0000017600000000 0000000000000000
0x0000003fdb8ff820:   000000000000000d 00007ff9d9d0301b
0x0000003fdb8ff830:   0000003fdb8ff8e0 00007ff9d9d11600 

Instructions: (pc=0x00007ff98c010f7a)
0x00007ff98c010e7a:   48 83 c4 20 5f e9 0c 56 90 ff cc cc cc cc cc cc
0x00007ff98c010e8a:   cc cc cc cc cc cc 48 89 5c 24 08 57 48 83 ec 20
0x00007ff98c010e9a:   83 fa 02 8d 42 06 b9 08 00 00 00 49 8b d8 0f 4e
0x00007ff98c010eaa:   c1 48 63 c8 48 83 c1 07 83 e1 f8 48 63 f9 49 8b
0x00007ff98c010eba:   48 18 48 8b c7 48 f7 d0 48 3b c1 73 16 4c 8d 05
0x00007ff98c010eca:   8a 53 17 00 48 8b d7 48 8b cb e8 17 b9 90 ff 48
0x00007ff98c010eda:   8b 4b 18 48 8d 04 39 48 3b 43 20 76 18 45 33 c0
0x00007ff98c010eea:   48 8b d7 48 8b cb 48 8b 5c 24 30 48 83 c4 20 5f
0x00007ff98c010efa:   e9 71 b5 90 ff 48 89 43 18 48 8b c1 48 8b 5c 24
0x00007ff98c010f0a:   30 48 83 c4 20 5f c3 cc cc cc cc cc cc cc cc cc
0x00007ff98c010f1a:   cc cc cc cc cc cc 4c 8b d2 4c 8b d9 45 85 c0 7e
0x00007ff98c010f2a:   3c 44 0f b7 49 04 41 8d 40 ff 41 3b c1 44 0f 4c
0x00007ff98c010f3a:   c8 4d 63 c1 45 85 c9 7e 1f 48 8b c2 4c 2b da 49
0x00007ff98c010f4a:   8b d0 0f 1f 40 00 41 0f b6 4c 03 06 88 08 48 8d
0x00007ff98c010f5a:   40 01 48 83 ea 01 75 ee 43 c6 04 10 00 49 8b c2
0x00007ff98c010f6a:   c3 cc cc cc cc cc 48 89 5c 24 08 57 48 83 ec 20
0x00007ff98c010f7a:   0f b7 59 04 48 8b f9 33 d2 48 8d 4b 01 e8 b4 d8
0x00007ff98c010f8a:   f2 ff 0f b7 57 04 4c 8b c0 3b da 0f 42 d3 44 8b
0x00007ff98c010f9a:   ca 85 d2 74 39 48 2b f8 0f 1f 40 00 66 66 0f 1f
0x00007ff98c010faa:   84 00 00 00 00 00 0f b6 4c 07 06 88 08 48 ff c0
0x00007ff98c010fba:   48 8b c8 49 2b c8 49 3b c9 7c eb 42 c6 04 02 00
0x00007ff98c010fca:   49 8b c0 48 8b 5c 24 30 48 83 c4 20 5f c3 48 8b
0x00007ff98c010fda:   5c 24 30 c6 04 02 00 48 83 c4 20 5f c3 cc cc cc
0x00007ff98c010fea:   cc cc cc cc cc cc 4c 8b d1 45 85 c0 7e 6c 44 0f
0x00007ff98c010ffa:   b7 49 04 41 8d 40 ff 41 3b c1 44 0f 4c c8 4d 63
0x00007ff98c01100a:   d9 45 85 c9 7e 22 48 8b ca 4c 2b d2 4d 8b c3 0f
0x00007ff98c01101a:   1f 80 00 00 00 00 41 0f b6 44 0a 06 88 01 48 8d
0x00007ff98c01102a:   49 01 49 83 e8 01 75 ee 41 c6 04 13 00 48 c7 c0
0x00007ff98c01103a:   ff ff ff ff 66 90 48 ff c0 80 3c 02 00 75 f7 48
0x00007ff98c01104a:   63 c8 85 c0 48 8b c2 7e 14 80 38 2f 75 03 c6 00
0x00007ff98c01105a:   2e 48 ff c0 48 83 e9 01 75 ef 48 8b c2 c3 cc cc
0x00007ff98c01106a:   cc cc cc cc cc cc 48 83 ec 28 e8 f7 fe ff ff 4c 


Stack slot to memory mapping:
stack at sp + 0 slots: 0x000000000000001b is an unknown value
stack at sp + 1 slots: 0x0000000800cc3ac8 is a pointer to class: 
service.JarWorkerWithParams {0x0000000800cc3ad0}
 - instance size:     9
 - klass size:        83
 - access:            public synchronized 
 - state:             fully_initialized
 - name:              'service/JarWorkerWithParams'
 - super:             'javax/swing/SwingWorker'
 - sub:               
 - arrays:            NULL
 - methods:           Array<T>(0x00000176471061a0)
 - method ordering:   Array<T>(0x0000017647106cf8)
 - default_methods:   Array<T>(0x0000000000000000)
 - local interfaces:  Array<T>(0x00000008005cf858)
 - trans. interfaces: Array<T>(0x00000176470e2678)
 - constants:         constant pool [275]/operands[14] {0x0000017647107718} for 'service/JarWorkerWithParams' cache=0x00000176471034c0
 - class loader data:  loader data: 0x0000017643e1c520 for instance a 'jdk/internal/loader/ClassLoaders$AppClassLoader'{0x000000070625c690}
 - source file:       'JarWorkerWithParams.java'
 - class annotations:       Array<T>(0x0000000000000000)
 - class type annotations:  Array<T>(0x0000000000000000)
 - field annotations:       Array<T>(0x0000000000000000)
 - field type annotations:  Array<T>(0x0000000000000000)
 - previous version:  constant pool [271]/operands[14] {0x0000017647104008} for 'service/JarWorkerWithParams' (extra) cache=0x0000017647105218
 - generic signature: '
[error occurred during error reporting (inspecting top of stack), id 0xc0000005, EXCEPTION_ACCESS_VIOLATION (0xc0000005) at pc=0x00007ff98c011b86]


---------------  P R O C E S S  ---------------

Threads class SMR info:
_java_thread_list=0x000001764485a5c0, length=22, elements={
0x0000017643e0bde0, 0x0000017643e0f680, 0x0000017643e24660, 0x0000017643e25210,
0x0000017643e27bd0, 0x0000017643e28580, 0x0000017643e29310, 0x0000017644844330,
0x0000017644846ff0, 0x0000017644871e40, 0x00000176449cd6a0, 0x00000176449cf740,
0x00000176449cfc30, 0x0000017644be3430, 0x0000017644febc60, 0x0000017644fec130,
0x000001764503bf40, 0x0000017644bf7fd0, 0x0000017621c99d20, 0x00000176453d6910,
0x00000176453d7780, 0x00000176453d4c30
}

Java Threads: ( => current thread )
  0x0000017643e0bde0 JavaThread "Reference Handler" daemon [_thread_blocked, id=15072, stack(0x0000003fdae00000,0x0000003fdaf00000)]
  0x0000017643e0f680 JavaThread "Finalizer" daemon [_thread_blocked, id=6904, stack(0x0000003fdaf00000,0x0000003fdb000000)]
  0x0000017643e24660 JavaThread "Signal Dispatcher" daemon [_thread_blocked, id=13416, stack(0x0000003fdb000000,0x0000003fdb100000)]
  0x0000017643e25210 JavaThread "Attach Listener" daemon [_thread_blocked, id=1544, stack(0x0000003fdb100000,0x0000003fdb200000)]
  0x0000017643e27bd0 JavaThread "Service Thread" daemon [_thread_blocked, id=17096, stack(0x0000003fdb200000,0x0000003fdb300000)]
  0x0000017643e28580 JavaThread "Monitor Deflation Thread" daemon [_thread_blocked, id=10968, stack(0x0000003fdb300000,0x0000003fdb400000)]
  0x0000017643e29310 JavaThread "C2 CompilerThread0" daemon [_thread_blocked, id=20852, stack(0x0000003fdb400000,0x0000003fdb500000)]
  0x0000017644844330 JavaThread "C1 CompilerThread0" daemon [_thread_blocked, id=8252, stack(0x0000003fdb500000,0x0000003fdb600000)]
  0x0000017644846ff0 JavaThread "Sweeper thread" daemon [_thread_blocked, id=21044, stack(0x0000003fdb600000,0x0000003fdb700000)]
  0x0000017644871e40 JavaThread "Common-Cleaner" daemon [_thread_blocked, id=15472, stack(0x0000003fdb700000,0x0000003fdb800000)]
=>0x00000176449cd6a0 JavaThread "JDWP Transport Listener: dt_socket" daemon [_thread_in_vm, id=1652, stack(0x0000003fdb800000,0x0000003fdb900000)]
  0x00000176449cf740 JavaThread "JDWP Event Helper Thread" daemon [_thread_blocked, id=13812, stack(0x0000003fdb900000,0x0000003fdba00000)]
  0x00000176449cfc30 JavaThread "JDWP Command Reader" daemon [_thread_in_native, id=20600, stack(0x0000003fdba00000,0x0000003fdbb00000)]
  0x0000017644be3430 JavaThread "Notification Thread" daemon [_thread_blocked, id=18040, stack(0x0000003fdbb00000,0x0000003fdbc00000)]
  0x0000017644febc60 JavaThread "Java2D Disposer" daemon [_thread_blocked, id=15796, stack(0x0000003fdbd00000,0x0000003fdbe00000)]
  0x0000017644fec130 JavaThread "AWT-Shutdown" [_thread_blocked, id=12340, stack(0x0000003fdbe00000,0x0000003fdbf00000)]
  0x000001764503bf40 JavaThread "AWT-Windows" daemon [_thread_in_native, id=11280, stack(0x0000003fdbf00000,0x0000003fdc000000)]
  0x0000017644bf7fd0 JavaThread "AWT-EventQueue-0" [_thread_blocked, id=17392, stack(0x0000003fdc000000,0x0000003fdc100000)]
  0x0000017621c99d20 JavaThread "DestroyJavaVM" [_thread_blocked, id=15112, stack(0x0000003fda700000,0x0000003fda800000)]
  0x00000176453d6910 JavaThread "TimerQueue" daemon [_thread_blocked, id=16620, stack(0x0000003fdc500000,0x0000003fdc600000)]
  0x00000176453d7780 JavaThread "Swing-Shell" daemon [_thread_blocked, id=20040, stack(0x0000003fdcb00000,0x0000003fdcc00000)]
  0x00000176453d4c30 JavaThread "SwingWorker-pool-2-thread-1" daemon [_thread_blocked, id=22448, stack(0x0000003fdc100000,0x0000003fdc200000)]

Other Threads:
  0x0000017643e06640 VMThread "VM Thread" [stack: 0x0000003fdad00000,0x0000003fdae00000] [id=2636]
  0x0000017644be4110 WatcherThread [stack: 0x0000003fdbc00000,0x0000003fdbd00000] [id=14676]
  0x0000017621d04b70 GCTaskThread "GC Thread#0" [stack: 0x0000003fda800000,0x0000003fda900000] [id=8428]
  0x00000176454a83c0 GCTaskThread "GC Thread#1" [stack: 0x0000003fdc600000,0x0000003fdc700000] [id=20260]
  0x0000017621d15530 ConcurrentGCThread "G1 Main Marker" [stack: 0x0000003fda900000,0x0000003fdaa00000] [id=8124]
  0x0000017621d18700 ConcurrentGCThread "G1 Conc#0" [stack: 0x0000003fdaa00000,0x0000003fdab00000] [id=6816]
  0x0000017643cd30e0 ConcurrentGCThread "G1 Refine#0" [stack: 0x0000003fdab00000,0x0000003fdac00000] [id=16364]
  0x0000017645490600 ConcurrentGCThread "G1 Refine#1" [stack: 0x0000003fdc700000,0x0000003fdc800000] [id=9220]
  0x0000017643cd42a0 ConcurrentGCThread "G1 Service" [stack: 0x0000003fdac00000,0x0000003fdad00000] [id=21520]

Threads with active compile tasks:

VM state: not at safepoint (normal execution)

VM Mutex/Monitor currently owned by a thread: None

Heap address: 0x0000000705800000, size: 4008 MB, Compressed Oops mode: Zero based, Oop shift amount: 3

CDS archive(s) mapped at: [0x0000000800000000-0x0000000800bc0000-0x0000000800bc0000), size 12320768, SharedBaseAddress: 0x0000000800000000, ArchiveRelocationMode: 0.
Compressed class space mapped at: 0x0000000800c00000-0x0000000840c00000, reserved size: 1073741824
Narrow klass base: 0x0000000800000000, Narrow klass shift: 0, Narrow klass range: 0x100000000

GC Precious Log:
 CPUs: 8 total, 2 available
 Memory: 16026M
 Large Page Support: Disabled
 NUMA Support: Disabled
 Compressed Oops: Enabled (Zero based)
 Heap Region Size: 2M
 Heap Min Capacity: 8M
 Heap Initial Capacity: 252M
 Heap Max Capacity: 4008M
 Pre-touch: Disabled
 Parallel Workers: 2
 Concurrent Workers: 1
 Concurrent Refinement Workers: 2
 Periodic GC: Disabled

Heap:
 garbage-first heap   total 258048K, used 29103K [0x0000000705800000, 0x0000000800000000)
  region size 2048K, 8 young (16384K), 1 survivors (2048K)
 Metaspace       used 14924K, committed 15168K, reserved 1064960K
  class space    used 1658K, committed 1792K, reserved 1048576K

Heap Regions: E=young(eden), S=young(survivor), O=old, HS=humongous(starts), HC=humongous(continues), CS=collection set, F=free, OA=open archive, CA=closed archive, TAMS=top-at-mark-start (previous, next)
|   0|0x0000000705800000, 0x0000000705a00000, 0x0000000705a00000|100%|HS|  |TAMS 0x0000000705800000, 0x0000000705800000| Complete 
|   1|0x0000000705a00000, 0x0000000705c00000, 0x0000000705c00000|100%|HC|  |TAMS 0x0000000705a00000, 0x0000000705a00000| Complete 
|   2|0x0000000705c00000, 0x0000000705e00000, 0x0000000705e00000|100%| O|  |TAMS 0x0000000705c00000, 0x0000000705c00000| Untracked 
|   3|0x0000000705e00000, 0x0000000706000000, 0x0000000706000000|100%|HS|  |TAMS 0x0000000705e00000, 0x0000000705e00000| Complete 
|   4|0x0000000706000000, 0x0000000706200000, 0x0000000706200000|100%|HC|  |TAMS 0x0000000706000000, 0x0000000706000000| Complete 
|   5|0x0000000706200000, 0x0000000706400000, 0x0000000706400000|100%| O|  |TAMS 0x0000000706200000, 0x0000000706200000| Untracked 
|   6|0x0000000706400000, 0x0000000706600000, 0x0000000706600000|100%| O|  |TAMS 0x0000000706400000, 0x0000000706400000| Untracked 
|   7|0x0000000706600000, 0x000000070666bc00, 0x0000000706800000| 21%| O|  |TAMS 0x0000000706600000, 0x0000000706600000| Untracked 
|   8|0x0000000706800000, 0x0000000706800000, 0x0000000706a00000|  0%| F|  |TAMS 0x0000000706800000, 0x0000000706800000| Untracked 
|   9|0x0000000706a00000, 0x0000000706a00000, 0x0000000706c00000|  0%| F|  |TAMS 0x0000000706a00000, 0x0000000706a00000| Untracked 
|  10|0x0000000706c00000, 0x0000000706c00000, 0x0000000706e00000|  0%| F|  |TAMS 0x0000000706c00000, 0x0000000706c00000| Untracked 
|  11|0x0000000706e00000, 0x0000000706e00000, 0x0000000707000000|  0%| F|  |TAMS 0x0000000706e00000, 0x0000000706e00000| Untracked 
|  12|0x0000000707000000, 0x0000000707000000, 0x0000000707200000|  0%| F|  |TAMS 0x0000000707000000, 0x0000000707000000| Untracked 
|  13|0x0000000707200000, 0x0000000707200000, 0x0000000707400000|  0%| F|  |TAMS 0x0000000707200000, 0x0000000707200000| Untracked 
|  14|0x0000000707400000, 0x0000000707400000, 0x0000000707600000|  0%| F|  |TAMS 0x0000000707400000, 0x0000000707400000| Untracked 
|  15|0x0000000707600000, 0x0000000707600000, 0x0000000707800000|  0%| F|  |TAMS 0x0000000707600000, 0x0000000707600000| Untracked 
|  16|0x0000000707800000, 0x0000000707800000, 0x0000000707a00000|  0%| F|  |TAMS 0x0000000707800000, 0x0000000707800000| Untracked 
|  17|0x0000000707a00000, 0x0000000707a00000, 0x0000000707c00000|  0%| F|  |TAMS 0x0000000707a00000, 0x0000000707a00000| Untracked 
|  18|0x0000000707c00000, 0x0000000707c00000, 0x0000000707e00000|  0%| F|  |TAMS 0x0000000707c00000, 0x0000000707c00000| Untracked 
|  19|0x0000000707e00000, 0x0000000707e00000, 0x0000000708000000|  0%| F|  |TAMS 0x0000000707e00000, 0x0000000707e00000| Untracked 
|  20|0x0000000708000000, 0x0000000708000000, 0x0000000708200000|  0%| F|  |TAMS 0x0000000708000000, 0x0000000708000000| Untracked 
|  21|0x0000000708200000, 0x0000000708200000, 0x0000000708400000|  0%| F|  |TAMS 0x0000000708200000, 0x0000000708200000| Untracked 
|  22|0x0000000708400000, 0x0000000708400000, 0x0000000708600000|  0%| F|  |TAMS 0x0000000708400000, 0x0000000708400000| Untracked 
|  23|0x0000000708600000, 0x0000000708600000, 0x0000000708800000|  0%| F|  |TAMS 0x0000000708600000, 0x0000000708600000| Untracked 
|  24|0x0000000708800000, 0x0000000708800000, 0x0000000708a00000|  0%| F|  |TAMS 0x0000000708800000, 0x0000000708800000| Untracked 
|  25|0x0000000708a00000, 0x0000000708a00000, 0x0000000708c00000|  0%| F|  |TAMS 0x0000000708a00000, 0x0000000708a00000| Untracked 
|  26|0x0000000708c00000, 0x0000000708c00000, 0x0000000708e00000|  0%| F|  |TAMS 0x0000000708c00000, 0x0000000708c00000| Untracked 
|  27|0x0000000708e00000, 0x0000000708e00000, 0x0000000709000000|  0%| F|  |TAMS 0x0000000708e00000, 0x0000000708e00000| Untracked 
|  28|0x0000000709000000, 0x0000000709000000, 0x0000000709200000|  0%| F|  |TAMS 0x0000000709000000, 0x0000000709000000| Untracked 
|  29|0x0000000709200000, 0x0000000709200000, 0x0000000709400000|  0%| F|  |TAMS 0x0000000709200000, 0x0000000709200000| Untracked 
|  30|0x0000000709400000, 0x0000000709400000, 0x0000000709600000|  0%| F|  |TAMS 0x0000000709400000, 0x0000000709400000| Untracked 
|  31|0x0000000709600000, 0x0000000709600000, 0x0000000709800000|  0%| F|  |TAMS 0x0000000709600000, 0x0000000709600000| Untracked 
|  32|0x0000000709800000, 0x0000000709800000, 0x0000000709a00000|  0%| F|  |TAMS 0x0000000709800000, 0x0000000709800000| Untracked 
|  33|0x0000000709a00000, 0x0000000709a00000, 0x0000000709c00000|  0%| F|  |TAMS 0x0000000709a00000, 0x0000000709a00000| Untracked 
|  34|0x0000000709c00000, 0x0000000709c00000, 0x0000000709e00000|  0%| F|  |TAMS 0x0000000709c00000, 0x0000000709c00000| Untracked 
|  35|0x0000000709e00000, 0x0000000709e00000, 0x000000070a000000|  0%| F|  |TAMS 0x0000000709e00000, 0x0000000709e00000| Untracked 
|  36|0x000000070a000000, 0x000000070a000000, 0x000000070a200000|  0%| F|  |TAMS 0x000000070a000000, 0x000000070a000000| Untracked 
|  37|0x000000070a200000, 0x000000070a200000, 0x000000070a400000|  0%| F|  |TAMS 0x000000070a200000, 0x000000070a200000| Untracked 
|  38|0x000000070a400000, 0x000000070a400000, 0x000000070a600000|  0%| F|  |TAMS 0x000000070a400000, 0x000000070a400000| Untracked 
|  39|0x000000070a600000, 0x000000070a600000, 0x000000070a800000|  0%| F|  |TAMS 0x000000070a600000, 0x000000070a600000| Untracked 
|  40|0x000000070a800000, 0x000000070a800000, 0x000000070aa00000|  0%| F|  |TAMS 0x000000070a800000, 0x000000070a800000| Untracked 
|  41|0x000000070aa00000, 0x000000070aa00000, 0x000000070ac00000|  0%| F|  |TAMS 0x000000070aa00000, 0x000000070aa00000| Untracked 
|  42|0x000000070ac00000, 0x000000070ac00000, 0x000000070ae00000|  0%| F|  |TAMS 0x000000070ac00000, 0x000000070ac00000| Untracked 
|  43|0x000000070ae00000, 0x000000070ae00000, 0x000000070b000000|  0%| F|  |TAMS 0x000000070ae00000, 0x000000070ae00000| Untracked 
|  44|0x000000070b000000, 0x000000070b000000, 0x000000070b200000|  0%| F|  |TAMS 0x000000070b000000, 0x000000070b000000| Untracked 
|  45|0x000000070b200000, 0x000000070b200000, 0x000000070b400000|  0%| F|  |TAMS 0x000000070b200000, 0x000000070b200000| Untracked 
|  46|0x000000070b400000, 0x000000070b400000, 0x000000070b600000|  0%| F|  |TAMS 0x000000070b400000, 0x000000070b400000| Untracked 
|  47|0x000000070b600000, 0x000000070b600000, 0x000000070b800000|  0%| F|  |TAMS 0x000000070b600000, 0x000000070b600000| Untracked 
|  48|0x000000070b800000, 0x000000070b800000, 0x000000070ba00000|  0%| F|  |TAMS 0x000000070b800000, 0x000000070b800000| Untracked 
|  49|0x000000070ba00000, 0x000000070ba00000, 0x000000070bc00000|  0%| F|  |TAMS 0x000000070ba00000, 0x000000070ba00000| Untracked 
|  50|0x000000070bc00000, 0x000000070bc00000, 0x000000070be00000|  0%| F|  |TAMS 0x000000070bc00000, 0x000000070bc00000| Untracked 
|  51|0x000000070be00000, 0x000000070be00000, 0x000000070c000000|  0%| F|  |TAMS 0x000000070be00000, 0x000000070be00000| Untracked 
|  52|0x000000070c000000, 0x000000070c000000, 0x000000070c200000|  0%| F|  |TAMS 0x000000070c000000, 0x000000070c000000| Untracked 
|  53|0x000000070c200000, 0x000000070c200000, 0x000000070c400000|  0%| F|  |TAMS 0x000000070c200000, 0x000000070c200000| Untracked 
|  54|0x000000070c400000, 0x000000070c400000, 0x000000070c600000|  0%| F|  |TAMS 0x000000070c400000, 0x000000070c400000| Untracked 
|  55|0x000000070c600000, 0x000000070c600000, 0x000000070c800000|  0%| F|  |TAMS 0x000000070c600000, 0x000000070c600000| Untracked 
|  56|0x000000070c800000, 0x000000070c800000, 0x000000070ca00000|  0%| F|  |TAMS 0x000000070c800000, 0x000000070c800000| Untracked 
|  57|0x000000070ca00000, 0x000000070ca00000, 0x000000070cc00000|  0%| F|  |TAMS 0x000000070ca00000, 0x000000070ca00000| Untracked 
|  58|0x000000070cc00000, 0x000000070cc00000, 0x000000070ce00000|  0%| F|  |TAMS 0x000000070cc00000, 0x000000070cc00000| Untracked 
|  59|0x000000070ce00000, 0x000000070ce00000, 0x000000070d000000|  0%| F|  |TAMS 0x000000070ce00000, 0x000000070ce00000| Untracked 
|  60|0x000000070d000000, 0x000000070d000000, 0x000000070d200000|  0%| F|  |TAMS 0x000000070d000000, 0x000000070d000000| Untracked 
|  61|0x000000070d200000, 0x000000070d200000, 0x000000070d400000|  0%| F|  |TAMS 0x000000070d200000, 0x000000070d200000| Untracked 
|  62|0x000000070d400000, 0x000000070d400000, 0x000000070d600000|  0%| F|  |TAMS 0x000000070d400000, 0x000000070d400000| Untracked 
|  63|0x000000070d600000, 0x000000070d600000, 0x000000070d800000|  0%| F|  |TAMS 0x000000070d600000, 0x000000070d600000| Untracked 
|  64|0x000000070d800000, 0x000000070d800000, 0x000000070da00000|  0%| F|  |TAMS 0x000000070d800000, 0x000000070d800000| Untracked 
|  65|0x000000070da00000, 0x000000070da00000, 0x000000070dc00000|  0%| F|  |TAMS 0x000000070da00000, 0x000000070da00000| Untracked 
|  66|0x000000070dc00000, 0x000000070dc00000, 0x000000070de00000|  0%| F|  |TAMS 0x000000070dc00000, 0x000000070dc00000| Untracked 
|  67|0x000000070de00000, 0x000000070de00000, 0x000000070e000000|  0%| F|  |TAMS 0x000000070de00000, 0x000000070de00000| Untracked 
|  68|0x000000070e000000, 0x000000070e000000, 0x000000070e200000|  0%| F|  |TAMS 0x000000070e000000, 0x000000070e000000| Untracked 
|  69|0x000000070e200000, 0x000000070e200000, 0x000000070e400000|  0%| F|  |TAMS 0x000000070e200000, 0x000000070e200000| Untracked 
|  70|0x000000070e400000, 0x000000070e400000, 0x000000070e600000|  0%| F|  |TAMS 0x000000070e400000, 0x000000070e400000| Untracked 
|  71|0x000000070e600000, 0x000000070e600000, 0x000000070e800000|  0%| F|  |TAMS 0x000000070e600000, 0x000000070e600000| Untracked 
|  72|0x000000070e800000, 0x000000070e800000, 0x000000070ea00000|  0%| F|  |TAMS 0x000000070e800000, 0x000000070e800000| Untracked 
|  73|0x000000070ea00000, 0x000000070ea00000, 0x000000070ec00000|  0%| F|  |TAMS 0x000000070ea00000, 0x000000070ea00000| Untracked 
|  74|0x000000070ec00000, 0x000000070ec00000, 0x000000070ee00000|  0%| F|  |TAMS 0x000000070ec00000, 0x000000070ec00000| Untracked 
|  75|0x000000070ee00000, 0x000000070ee00000, 0x000000070f000000|  0%| F|  |TAMS 0x000000070ee00000, 0x000000070ee00000| Untracked 
|  76|0x000000070f000000, 0x000000070f000000, 0x000000070f200000|  0%| F|  |TAMS 0x000000070f000000, 0x000000070f000000| Untracked 
|  77|0x000000070f200000, 0x000000070f200000, 0x000000070f400000|  0%| F|  |TAMS 0x000000070f200000, 0x000000070f200000| Untracked 
|  78|0x000000070f400000, 0x000000070f400000, 0x000000070f600000|  0%| F|  |TAMS 0x000000070f400000, 0x000000070f400000| Untracked 
|  79|0x000000070f600000, 0x000000070f600000, 0x000000070f800000|  0%| F|  |TAMS 0x000000070f600000, 0x000000070f600000| Untracked 
|  80|0x000000070f800000, 0x000000070f800000, 0x000000070fa00000|  0%| F|  |TAMS 0x000000070f800000, 0x000000070f800000| Untracked 
|  81|0x000000070fa00000, 0x000000070fa00000, 0x000000070fc00000|  0%| F|  |TAMS 0x000000070fa00000, 0x000000070fa00000| Untracked 
|  82|0x000000070fc00000, 0x000000070fc00000, 0x000000070fe00000|  0%| F|  |TAMS 0x000000070fc00000, 0x000000070fc00000| Untracked 
|  83|0x000000070fe00000, 0x000000070fe00000, 0x0000000710000000|  0%| F|  |TAMS 0x000000070fe00000, 0x000000070fe00000| Untracked 
|  84|0x0000000710000000, 0x0000000710000000, 0x0000000710200000|  0%| F|  |TAMS 0x0000000710000000, 0x0000000710000000| Untracked 
|  85|0x0000000710200000, 0x0000000710200000, 0x0000000710400000|  0%| F|  |TAMS 0x0000000710200000, 0x0000000710200000| Untracked 
|  86|0x0000000710400000, 0x0000000710400000, 0x0000000710600000|  0%| F|  |TAMS 0x0000000710400000, 0x0000000710400000| Untracked 
|  87|0x0000000710600000, 0x0000000710600000, 0x0000000710800000|  0%| F|  |TAMS 0x0000000710600000, 0x0000000710600000| Untracked 
|  88|0x0000000710800000, 0x0000000710800000, 0x0000000710a00000|  0%| F|  |TAMS 0x0000000710800000, 0x0000000710800000| Untracked 
|  89|0x0000000710a00000, 0x0000000710a00000, 0x0000000710c00000|  0%| F|  |TAMS 0x0000000710a00000, 0x0000000710a00000| Untracked 
|  90|0x0000000710c00000, 0x0000000710c00000, 0x0000000710e00000|  0%| F|  |TAMS 0x0000000710c00000, 0x0000000710c00000| Untracked 
|  91|0x0000000710e00000, 0x0000000710e00000, 0x0000000711000000|  0%| F|  |TAMS 0x0000000710e00000, 0x0000000710e00000| Untracked 
|  92|0x0000000711000000, 0x0000000711000000, 0x0000000711200000|  0%| F|  |TAMS 0x0000000711000000, 0x0000000711000000| Untracked 
|  93|0x0000000711200000, 0x0000000711200000, 0x0000000711400000|  0%| F|  |TAMS 0x0000000711200000, 0x0000000711200000| Untracked 
|  94|0x0000000711400000, 0x0000000711400000, 0x0000000711600000|  0%| F|  |TAMS 0x0000000711400000, 0x0000000711400000| Untracked 
|  95|0x0000000711600000, 0x0000000711600000, 0x0000000711800000|  0%| F|  |TAMS 0x0000000711600000, 0x0000000711600000| Untracked 
|  96|0x0000000711800000, 0x0000000711800000, 0x0000000711a00000|  0%| F|  |TAMS 0x0000000711800000, 0x0000000711800000| Untracked 
|  97|0x0000000711a00000, 0x0000000711a00000, 0x0000000711c00000|  0%| F|  |TAMS 0x0000000711a00000, 0x0000000711a00000| Untracked 
|  98|0x0000000711c00000, 0x0000000711c00000, 0x0000000711e00000|  0%| F|  |TAMS 0x0000000711c00000, 0x0000000711c00000| Untracked 
|  99|0x0000000711e00000, 0x0000000711e00000, 0x0000000712000000|  0%| F|  |TAMS 0x0000000711e00000, 0x0000000711e00000| Untracked 
| 100|0x0000000712000000, 0x0000000712000000, 0x0000000712200000|  0%| F|  |TAMS 0x0000000712000000, 0x0000000712000000| Untracked 
| 101|0x0000000712200000, 0x0000000712200000, 0x0000000712400000|  0%| F|  |TAMS 0x0000000712200000, 0x0000000712200000| Untracked 
| 102|0x0000000712400000, 0x0000000712400000, 0x0000000712600000|  0%| F|  |TAMS 0x0000000712400000, 0x0000000712400000| Untracked 
| 103|0x0000000712600000, 0x0000000712600000, 0x0000000712800000|  0%| F|  |TAMS 0x0000000712600000, 0x0000000712600000| Untracked 
| 104|0x0000000712800000, 0x0000000712800000, 0x0000000712a00000|  0%| F|  |TAMS 0x0000000712800000, 0x0000000712800000| Untracked 
| 105|0x0000000712a00000, 0x0000000712a00000, 0x0000000712c00000|  0%| F|  |TAMS 0x0000000712a00000, 0x0000000712a00000| Untracked 
| 106|0x0000000712c00000, 0x0000000712c00000, 0x0000000712e00000|  0%| F|  |TAMS 0x0000000712c00000, 0x0000000712c00000| Untracked 
| 107|0x0000000712e00000, 0x0000000712e00000, 0x0000000713000000|  0%| F|  |TAMS 0x0000000712e00000, 0x0000000712e00000| Untracked 
| 108|0x0000000713000000, 0x0000000713000000, 0x0000000713200000|  0%| F|  |TAMS 0x0000000713000000, 0x0000000713000000| Untracked 
| 109|0x0000000713200000, 0x0000000713200000, 0x0000000713400000|  0%| F|  |TAMS 0x0000000713200000, 0x0000000713200000| Untracked 
| 110|0x0000000713400000, 0x0000000713400000, 0x0000000713600000|  0%| F|  |TAMS 0x0000000713400000, 0x0000000713400000| Untracked 
| 111|0x0000000713600000, 0x0000000713600000, 0x0000000713800000|  0%| F|  |TAMS 0x0000000713600000, 0x0000000713600000| Untracked 
| 112|0x0000000713800000, 0x0000000713800000, 0x0000000713a00000|  0%| F|  |TAMS 0x0000000713800000, 0x0000000713800000| Untracked 
| 113|0x0000000713a00000, 0x0000000713a00000, 0x0000000713c00000|  0%| F|  |TAMS 0x0000000713a00000, 0x0000000713a00000| Untracked 
| 114|0x0000000713c00000, 0x0000000713c00000, 0x0000000713e00000|  0%| F|  |TAMS 0x0000000713c00000, 0x0000000713c00000| Untracked 
| 115|0x0000000713e00000, 0x0000000713e00000, 0x0000000714000000|  0%| F|  |TAMS 0x0000000713e00000, 0x0000000713e00000| Untracked 
| 116|0x0000000714000000, 0x0000000714000000, 0x0000000714200000|  0%| F|  |TAMS 0x0000000714000000, 0x0000000714000000| Untracked 
| 117|0x0000000714200000, 0x0000000714200000, 0x0000000714400000|  0%| F|  |TAMS 0x0000000714200000, 0x0000000714200000| Untracked 
| 118|0x0000000714400000, 0x0000000714540ea8, 0x0000000714600000| 62%| E|  |TAMS 0x0000000714400000, 0x0000000714400000| Complete 
| 119|0x0000000714600000, 0x0000000714800000, 0x0000000714800000|100%| S|CS|TAMS 0x0000000714600000, 0x0000000714600000| Complete 
| 120|0x0000000714800000, 0x0000000714a00000, 0x0000000714a00000|100%| E|CS|TAMS 0x0000000714800000, 0x0000000714800000| Complete 
| 121|0x0000000714a00000, 0x0000000714c00000, 0x0000000714c00000|100%| E|CS|TAMS 0x0000000714a00000, 0x0000000714a00000| Complete 
| 122|0x0000000714c00000, 0x0000000714e00000, 0x0000000714e00000|100%| E|CS|TAMS 0x0000000714c00000, 0x0000000714c00000| Complete 
| 123|0x0000000714e00000, 0x0000000715000000, 0x0000000715000000|100%| E|CS|TAMS 0x0000000714e00000, 0x0000000714e00000| Complete 
| 124|0x0000000715000000, 0x0000000715200000, 0x0000000715200000|100%| E|CS|TAMS 0x0000000715000000, 0x0000000715000000| Complete 
| 125|0x0000000715200000, 0x0000000715400000, 0x0000000715400000|100%| E|CS|TAMS 0x0000000715200000, 0x0000000715200000| Complete 

Card table byte_map: [0x0000017638f50000,0x0000017639730000] _byte_map_base: 0x0000017635724000

Marking Bits (Prev, Next): (CMBitMap*) 0x0000017621d05180, (CMBitMap*) 0x0000017621d051c0
 Prev Bits: [0x0000017639f10000, 0x000001763ddb0000)
 Next Bits: [0x000001763ddb0000, 0x0000017641c50000)

Polling page: 0x0000017621460000

Metaspace:

Usage:
  Non-class:     12.95 MB used.
      Class:      1.62 MB used.
       Both:     14.57 MB used.

Virtual space:
  Non-class space:       16.00 MB reserved,      13.06 MB ( 82%) committed,  2 nodes.
      Class space:        1.00 GB reserved,       1.75 MB ( <1%) committed,  1 nodes.
             Both:        1.02 GB reserved,      14.81 MB (  1%) committed. 

Chunk freelists:
   Non-Class:  2.97 MB
       Class:  2.25 MB
        Both:  5.22 MB

MaxMetaspaceSize: unlimited
CompressedClassSpaceSize: 1.00 GB
Initial GC threshold: 21.00 MB
Current GC threshold: 21.00 MB
CDS: on
MetaspaceReclaimPolicy: balanced
 - commit_granule_bytes: 65536.
 - commit_granule_words: 8192.
 - virtual_space_node_default_size: 1048576.
 - enlarge_chunks_in_place: 1.
 - new_chunks_are_fully_committed: 0.
 - uncommit_free_chunks: 1.
 - use_allocation_guard: 0.
 - handle_deallocations: 1.


Internal statistics:

num_allocs_failed_limit: 0.
num_arena_births: 136.
num_arena_deaths: 0.
num_vsnodes_births: 3.
num_vsnodes_deaths: 0.
num_space_committed: 237.
num_space_uncommitted: 0.
num_chunks_returned_to_freelist: 0.
num_chunks_taken_from_freelist: 208.
num_chunk_merges: 0.
num_chunk_splits: 113.
num_chunks_enlarged: 56.
num_purges: 0.
num_inconsistent_stats: 0.

CodeHeap 'non-profiled nmethods': size=120064Kb used=1458Kb max_used=1458Kb free=118605Kb
 bounds [0x0000017631230000, 0x00000176314a0000, 0x0000017638770000]
CodeHeap 'profiled nmethods': size=120000Kb used=6491Kb max_used=6491Kb free=113508Kb
 bounds [0x0000017629d00000, 0x000001762a360000, 0x0000017631230000]
CodeHeap 'non-nmethods': size=5696Kb used=1383Kb max_used=1462Kb free=4313Kb
 bounds [0x0000017629770000, 0x00000176299e0000, 0x0000017629d00000]
 total_blobs=3819 nmethods=3175 adapters=554
 compilation: enabled
              stopped_count=0, restarted_count=0
 full_count=0

Compilation events (20 events):
Event: 98.988 Thread 0x0000017644844330 3166       3       javax.swing.SwingUtilities::checkMouseButton (100 bytes)
Event: 98.988 Thread 0x0000017644844330 nmethod 3166 0x000001762a355b90 code [0x000001762a355d80, 0x000001762a356718]
Event: 99.348 Thread 0x0000017644844330 3167       1       javax.swing.JScrollPane::isValidateRoot (2 bytes)
Event: 99.348 Thread 0x0000017644844330 nmethod 3167 0x0000017631394210 code [0x00000176313943a0, 0x0000017631394478]
Event: 99.356 Thread 0x0000017644844330 3168       1       javax.swing.JScrollPane::getViewportBorder (5 bytes)
Event: 99.356 Thread 0x0000017644844330 nmethod 3168 0x0000017631394510 code [0x00000176313946a0, 0x0000017631394778]
Event: 99.381 Thread 0x0000017643e29310 3169       4       java.util.EnumMap::isValidKey (36 bytes)
Event: 99.381 Thread 0x0000017643e29310 nmethod 3169 0x0000017631394810 code [0x0000017631394980, 0x0000017631394a58]
Event: 99.388 Thread 0x0000017644844330 3170       3       java.awt.Component::setBounds (21 bytes)
Event: 99.389 Thread 0x0000017644844330 nmethod 3170 0x000001762a356890 code [0x000001762a356a40, 0x000001762a356c48]
Event: 99.451 Thread 0x0000017643e29310 3171   !   4       java.awt.EventQueue::setCurrentEventAndMostRecentTimeImpl (191 bytes)
Event: 99.460 Thread 0x0000017643e29310 nmethod 3171 0x0000017631394b10 code [0x0000017631394d00, 0x0000017631395778]
Event: 102.178 Thread 0x0000017643e29310 3172       4       sun.java2d.SunGraphics2D::transformShape (36 bytes)
Event: 102.183 Thread 0x0000017643e29310 nmethod 3172 0x0000017631395d90 code [0x0000017631395fa0, 0x0000017631396658]
Event: 102.271 Thread 0x0000017643e29310 3173       4       java.lang.String::<init> (29 bytes)
Event: 102.272 Thread 0x0000017643e29310 nmethod 3173 0x0000017631396c10 code [0x0000017631396d80, 0x0000017631396f18]
Event: 102.971 Thread 0x0000017643e29310 3174       4       sun.swing.ImageCache::getEntry (148 bytes)
Event: 103.003 Thread 0x0000017643e29310 nmethod 3174 0x0000017631396f90 code [0x00000176313971a0, 0x0000017631399248]
Event: 103.418 Thread 0x0000017643e29310 3175       4       com.sun.java.swing.plaf.windows.TMSchema$Part::getControlName (55 bytes)
Event: 103.444 Thread 0x0000017643e29310 nmethod 3175 0x000001763139a210 code [0x000001763139a420, 0x000001763139b928]

GC Heap History (6 events):
Event: 2.274 GC heap before
{Heap before GC invocations=0 (full 0):
 garbage-first heap   total 258048K, used 16384K [0x0000000705800000, 0x0000000800000000)
  region size 2048K, 6 young (12288K), 0 survivors (0K)
 Metaspace       used 11084K, committed 11264K, reserved 1064960K
  class space    used 1243K, committed 1344K, reserved 1048576K
}
Event: 2.281 GC heap after
{Heap after GC invocations=1 (full 0):
 garbage-first heap   total 258048K, used 8192K [0x0000000705800000, 0x0000000800000000)
  region size 2048K, 1 young (2048K), 1 survivors (2048K)
 Metaspace       used 11084K, committed 11264K, reserved 1064960K
  class space    used 1243K, committed 1344K, reserved 1048576K
}
Event: 13.463 GC heap before
{Heap before GC invocations=1 (full 0):
 garbage-first heap   total 258048K, used 22528K [0x0000000705800000, 0x0000000800000000)
  region size 2048K, 6 young (12288K), 1 survivors (2048K)
 Metaspace       used 14333K, committed 14592K, reserved 1064960K
  class space    used 1619K, committed 1728K, reserved 1048576K
}
Event: 13.471 GC heap after
{Heap after GC invocations=2 (full 0):
 garbage-first heap   total 258048K, used 14702K [0x0000000705800000, 0x0000000800000000)
  region size 2048K, 1 young (2048K), 1 survivors (2048K)
 Metaspace       used 14333K, committed 14592K, reserved 1064960K
  class space    used 1619K, committed 1728K, reserved 1048576K
}
Event: 27.290 GC heap before
{Heap before GC invocations=2 (full 0):
 garbage-first heap   total 258048K, used 24942K [0x0000000705800000, 0x0000000800000000)
  region size 2048K, 6 young (12288K), 1 survivors (2048K)
 Metaspace       used 14699K, committed 14976K, reserved 1064960K
  class space    used 1647K, committed 1792K, reserved 1048576K
}
Event: 27.297 GC heap after
{Heap after GC invocations=3 (full 0):
 garbage-first heap   total 258048K, used 16815K [0x0000000705800000, 0x0000000800000000)
  region size 2048K, 1 young (2048K), 1 survivors (2048K)
 Metaspace       used 14699K, committed 14976K, reserved 1064960K
  class space    used 1647K, committed 1792K, reserved 1048576K
}

Deoptimization events (20 events):
Event: 27.333 Thread 0x00000176453d7780 DEOPT PACKING pc=0x00000176312764ec sp=0x0000003fdcbfed70
Event: 27.333 Thread 0x00000176453d7780 DEOPT UNPACKING pc=0x00000176297c23a3 sp=0x0000003fdcbfecb8 mode 2
Event: 27.359 Thread 0x00000176453d7780 Uncommon trap: trap_request=0xffffffc6 fr.pc=0x000001763126a0ac relative=0x00000000000003ec
Event: 27.359 Thread 0x00000176453d7780 Uncommon trap: reason=bimorphic_or_optimized_type_check action=maybe_recompile pc=0x000001763126a0ac method=java.util.HashMap.getNode(Ljava/lang/Object;)Ljava/util/HashMap$Node; @ 128 c2
Event: 27.359 Thread 0x00000176453d7780 DEOPT PACKING pc=0x000001763126a0ac sp=0x0000003fdcbfed10
Event: 27.359 Thread 0x00000176453d7780 DEOPT UNPACKING pc=0x00000176297c23a3 sp=0x0000003fdcbfecb8 mode 2
Event: 28.267 Thread 0x0000017644bf7fd0 DEOPT PACKING pc=0x0000017629fb9725 sp=0x0000003fdc0fd7f0
Event: 28.267 Thread 0x0000017644bf7fd0 DEOPT UNPACKING pc=0x00000176297c2b43 sp=0x0000003fdc0fcc80 mode 0
Event: 41.684 Thread 0x0000017644bf7fd0 Uncommon trap: trap_request=0xffffff45 fr.pc=0x0000017631336c10 relative=0x0000000000000b90
Event: 41.684 Thread 0x0000017644bf7fd0 Uncommon trap: reason=unstable_if action=reinterpret pc=0x0000017631336c10 method=java.awt.Container.findComponentAtImpl(IIZ)Ljava/awt/Component; @ 24 c2
Event: 41.684 Thread 0x0000017644bf7fd0 DEOPT PACKING pc=0x0000017631336c10 sp=0x0000003fdc0fe920
Event: 41.684 Thread 0x0000017644bf7fd0 DEOPT UNPACKING pc=0x00000176297c23a3 sp=0x0000003fdc0fe768 mode 2
Event: 98.716 Thread 0x0000017644bf7fd0 DEOPT PACKING pc=0x000001762a30ae47 sp=0x0000003fdc0fe300
Event: 98.716 Thread 0x0000017644bf7fd0 DEOPT UNPACKING pc=0x00000176297c2b43 sp=0x0000003fdc0fd7a0 mode 0
Event: 98.725 Thread 0x0000017644bf7fd0 DEOPT PACKING pc=0x000001762a337604 sp=0x0000003fdc0fe1d0
Event: 98.725 Thread 0x0000017644bf7fd0 DEOPT UNPACKING pc=0x00000176297c2b43 sp=0x0000003fdc0fd6d0 mode 0
Event: 98.732 Thread 0x0000017644bf7fd0 DEOPT PACKING pc=0x000001762a33cec2 sp=0x0000003fdc0fe540
Event: 98.732 Thread 0x0000017644bf7fd0 DEOPT UNPACKING pc=0x00000176297c2b43 sp=0x0000003fdc0fd9c8 mode 0
Event: 98.781 Thread 0x0000017644bf7fd0 DEOPT PACKING pc=0x000001762a33cec2 sp=0x0000003fdc0fe470
Event: 98.781 Thread 0x0000017644bf7fd0 DEOPT UNPACKING pc=0x00000176297c2b43 sp=0x0000003fdc0fd8f8 mode 0

Classes unloaded (0 events):
No events

Classes redefined (1 events):
Event: 177.557 Thread 0x0000017643e06640 redefined class name=service.JarWorkerWithParams, count=1

Internal exceptions (20 events):
Event: 0.615 Thread 0x0000017621c99d20 Exception <a 'java/lang/NoSuchMethodError'{0x0000000714e40088}: 'java.lang.Object java.lang.invoke.DirectMethodHandle$Holder.invokeStaticInit(java.lang.Object)'> (0x0000000714e40088) 
thrown [s\src\hotspot\share\interpreter\linkResolver.cpp, line 759]
Event: 0.684 Thread 0x0000017644bf7fd0 Exception <a 'java/lang/NoSuchMethodError'{0x0000000714f29a80}: 'void java.lang.invoke.DirectMethodHandle$Holder.invokeSpecial(java.lang.Object, java.lang.Object, java.lang.Object)'> (0x0000000714f29a80) 
thrown [s\src\hotspot\share\interpreter\linkResolver.cpp, line 759]
Event: 0.716 Thread 0x0000017644bf7fd0 Exception <a 'java/lang/NoSuchMethodError'{0x0000000714f53c40}: 'java.lang.Object java.lang.invoke.DirectMethodHandle$Holder.newInvokeSpecial(java.lang.Object, java.lang.Object, java.lang.Object, java.lang.Object, java.lang.Object)'> (0x0000000714f53c40) 
thrown [s\src\hotspot\share\interpreter\linkResolver.cpp, line 759]
Event: 0.720 Thread 0x0000017644bf7fd0 Exception <a 'java/lang/NoSuchMethodError'{0x0000000714f5f608}: 'java.lang.Object java.lang.invoke.DirectMethodHandle$Holder.invokeStatic(java.lang.Object, int, java.lang.Object, java.lang.Object, java.lang.Object, java.lang.Object)'> (0x0000000714f5f608) 
thrown [s\src\hotspot\share\interpreter\linkResolver.cpp, line 759]
Event: 0.726 Thread 0x0000017644bf7fd0 Exception <a 'java/lang/NoSuchMethodError'{0x0000000714f85048}: 'java.lang.Object java.lang.invoke.DirectMethodHandle$Holder.invokeStatic(java.lang.Object, int, java.lang.Object)'> (0x0000000714f85048) 
thrown [s\src\hotspot\share\interpreter\linkResolver.cpp, line 759]
Event: 0.763 Thread 0x0000017644bf7fd0 Exception <a 'java/lang/ClassNotFoundException'{0x0000000714c41cb0}: com/sun/swing/internal/plaf/metal/resources/spi/metalProvider> (0x0000000714c41cb0) 
thrown [s\src\hotspot\share\classfile\systemDictionary.cpp, line 256]
Event: 0.765 Thread 0x0000017644bf7fd0 Exception <a 'java/lang/ClassNotFoundException'{0x0000000714c466d8}: com/sun/swing/internal/plaf/basic/resources/spi/basicProvider> (0x0000000714c466d8) 
thrown [s\src\hotspot\share\classfile\systemDictionary.cpp, line 256]
Event: 0.767 Thread 0x0000017644bf7fd0 Exception <a 'java/lang/NoSuchMethodError'{0x0000000714c566e0}: 'void java.lang.invoke.DirectMethodHandle$Holder.invokeStaticInit(java.lang.Object)'> (0x0000000714c566e0) 
thrown [s\src\hotspot\share\interpreter\linkResolver.cpp, line 759]
Event: 0.785 Thread 0x0000017644bf7fd0 Exception <a 'java/lang/ClassNotFoundException'{0x0000000714cb8b00}: com/sun/java/swing/plaf/windows/resources/spi/windowsProvider> (0x0000000714cb8b00) 
thrown [s\src\hotspot\share\classfile\systemDictionary.cpp, line 256]
Event: 0.840 Thread 0x0000017644bf7fd0 Implicit null exception at 0x0000017631262cc0 to 0x00000176312639d5
Event: 0.851 Thread 0x0000017644bf7fd0 Implicit null exception at 0x000001763125a08f to 0x000001763125a10d
Event: 0.905 Thread 0x000001764503bf40 Exception <a 'java/lang/NoSuchMethodError'{0x0000000714e8ae40}: 'void java.lang.invoke.DirectMethodHandle$Holder.invokeVirtual(java.lang.Object, java.lang.Object)'> (0x0000000714e8ae40) 
thrown [s\src\hotspot\share\interpreter\linkResolver.cpp, line 759]
Event: 9.525 Thread 0x0000017644bf7fd0 Exception <a 'java/lang/NoSuchMethodError'{0x0000000715006688}: 'void java.lang.invoke.DirectMethodHandle$Holder.invokeStatic(java.lang.Object, java.lang.Object, java.lang.Object)'> (0x0000000715006688) 
thrown [s\src\hotspot\share\interpreter\linkResolver.cpp, line 759]
Event: 9.526 Thread 0x0000017644bf7fd0 Exception <a 'java/lang/NoSuchMethodError'{0x000000071500cc40}: 'void java.lang.invoke.DirectMethodHandle$Holder.invokeStatic(java.lang.Object, java.lang.Object)'> (0x000000071500cc40) 
thrown [s\src\hotspot\share\interpreter\linkResolver.cpp, line 759]
Event: 9.531 Thread 0x00000176453d6de0 Exception <a 'java/lang/NoSuchMethodError'{0x0000000715039868}: 'java.lang.Object java.lang.invoke.DirectMethodHandle$Holder.newInvokeSpecial(java.lang.Object, java.lang.Object, java.lang.Object, int, int, int, int, int)'> (0x0000000715039868) 
thrown [s\src\hotspot\share\interpreter\linkResolver.cpp, line 759]
Event: 9.729 Thread 0x00000176453d7780 Exception <a 'java/lang/NoSuchMethodError'{0x0000000715103978}: 'java.lang.Object java.lang.invoke.DirectMethodHandle$Holder.newInvokeSpecial(java.lang.Object, java.lang.Object, int)'> (0x0000000715103978) 
thrown [s\src\hotspot\share\interpreter\linkResolver.cpp, line 759]
Event: 10.445 Thread 0x0000017644bf7fd0 Exception <a 'java/lang/NoSuchMethodError'{0x0000000714f52860}: 'int java.lang.invoke.DirectMethodHandle$Holder.invokeStatic(java.lang.Object)'> (0x0000000714f52860) 
thrown [s\src\hotspot\share\interpreter\linkResolver.cpp, line 759]
Event: 10.461 Thread 0x0000017644bf7fd0 Exception <a 'java/lang/NoSuchMethodError'{0x0000000714faaa98}: 'java.lang.Object java.lang.invoke.DirectMethodHandle$Holder.newInvokeSpecial(java.lang.Object, int, java.lang.Object)'> (0x0000000714faaa98) 
thrown [s\src\hotspot\share\interpreter\linkResolver.cpp, line 759]
Event: 25.196 Thread 0x0000017644bf7fd0 Implicit null exception at 0x00000176312d1ca0 to 0x00000176312d3340
Event: 26.611 Thread 0x0000017644bf7fd0 Implicit null exception at 0x00000176312ef434 to 0x00000176312efc24

VM Operations (20 events):
Event: 98.979 Executing VM operation: Cleanup
Event: 98.979 Executing VM operation: Cleanup done
Event: 99.992 Executing VM operation: Cleanup
Event: 99.993 Executing VM operation: Cleanup done
Event: 104.030 Executing VM operation: Cleanup
Event: 104.030 Executing VM operation: Cleanup done
Event: 177.545 Executing VM operation: ChangeSingleStep
Event: 177.545 Executing VM operation: ChangeSingleStep done
Event: 177.545 Executing VM operation: ChangeSingleStep
Event: 177.545 Executing VM operation: ChangeSingleStep done
Event: 177.552 Executing VM operation: RedefineClasses
Event: 177.565 Executing VM operation: RedefineClasses done
Event: 177.571 Executing VM operation: ChangeBreakpoints
Event: 177.572 Executing VM operation: ChangeBreakpoints done
Event: 177.574 Executing VM operation: ChangeSingleStep
Event: 177.574 Executing VM operation: ChangeSingleStep done
Event: 177.574 Executing VM operation: get/set locals
Event: 177.574 Executing VM operation: get/set locals done
Event: 177.575 Executing VM operation: ChangeSingleStep
Event: 177.575 Executing VM operation: ChangeSingleStep done

Events (20 events):
Event: 42.549 loading class javax/swing/SwingWorker$DoSubmitAccumulativeRunnable done
Event: 42.549 loading class javax/swing/SwingWorker$1
Event: 42.549 loading class javax/swing/SwingWorker$1 done
Event: 42.549 loading class javax/swing/SwingWorker$2
Event: 42.549 loading class javax/swing/SwingWorker$2 done
Event: 42.550 loading class javax/swing/SwingWorker$StateValue
Event: 42.550 loading class javax/swing/SwingWorker$StateValue done
Event: 42.550 loading class javax/swing/SwingWorker$SwingWorkerPropertyChangeSupport
Event: 42.551 loading class javax/swing/SwingWorker$SwingWorkerPropertyChangeSupport done
Event: 42.551 loading class javax/swing/SwingWorker$6
Event: 42.551 loading class javax/swing/SwingWorker$6 done
Event: 42.551 loading class javax/swing/SwingWorker$7
Event: 42.551 loading class javax/swing/SwingWorker$7 done
Event: 42.552 Thread 0x00000176453d4c30 Thread added: 0x00000176453d4c30
Event: 42.552 loading class javax/swing/SwingWorker$SwingWorkerPropertyChangeSupport$1
Event: 42.552 loading class javax/swing/SwingWorker$SwingWorkerPropertyChangeSupport$1 done
Event: 42.553 loading class java/lang/ProcessBuilder
Event: 42.553 loading class java/lang/ProcessBuilder done
Event: 42.554 loading class javax/swing/text/AbstractDocument$ElementEdit
Event: 42.554 loading class javax/swing/text/AbstractDocument$ElementEdit done


Dynamic libraries:
0x00007ff768f20000 - 0x00007ff768f83000 	C:\Devel\GalileoConnector\Java17\bin\javaw.exe
0x00007ffa0abd0000 - 0x00007ffa0ade7000 	C:\WINDOWS\SYSTEM32\ntdll.dll
0x00007ffa09590000 - 0x00007ffa09654000 	C:\WINDOWS\System32\KERNEL32.DLL
0x00007ffa08290000 - 0x00007ffa08637000 	C:\WINDOWS\System32\KERNELBASE.dll
0x00007ffa079f0000 - 0x00007ffa07b3c000 	C:\Windows\system32\hmpalert.dll
0x00007ffa07fc0000 - 0x00007ffa080d1000 	C:\WINDOWS\System32\ucrtbase.dll
0x00007ff9e9680000 - 0x00007ff9e969b000 	C:\Devel\GalileoConnector\Java17\bin\VCRUNTIME140.dll
0x00007ff9e9660000 - 0x00007ff9e9678000 	C:\Devel\GalileoConnector\Java17\bin\jli.dll
0x00007ffa0a020000 - 0x00007ffa0a1ce000 	C:\WINDOWS\System32\USER32.dll
0x00007ffa07f90000 - 0x00007ffa07fb6000 	C:\WINDOWS\System32\win32u.dll
0x00007ffa09f00000 - 0x00007ffa09f29000 	C:\WINDOWS\System32\GDI32.dll
0x00007ffa08640000 - 0x00007ffa08759000 	C:\WINDOWS\System32\gdi32full.dll
0x00007ffa07ef0000 - 0x00007ffa07f8a000 	C:\WINDOWS\System32\msvcp_win.dll
0x00007ff9ef250000 - 0x00007ff9ef4e3000 	C:\WINDOWS\WinSxS\amd64_microsoft.windows.common-controls_6595b64144ccf1df_6.0.22621.3527_none_270e469b73872a76\COMCTL32.dll
0x00007ffa092b0000 - 0x00007ffa09357000 	C:\WINDOWS\System32\msvcrt.dll
0x00007ffa09f30000 - 0x00007ffa09f61000 	C:\WINDOWS\System32\IMM32.DLL
0x00007ff9f6350000 - 0x00007ff9f635c000 	C:\Devel\GalileoConnector\Java17\bin\vcruntime140_1.dll
0x00007ff9c6d70000 - 0x00007ff9c6dfd000 	C:\Devel\GalileoConnector\Java17\bin\msvcp140.dll
0x00007ff98b870000 - 0x00007ff98c4cc000 	C:\Devel\GalileoConnector\Java17\bin\server\jvm.dll
0x00007ffa08ec0000 - 0x00007ffa08f72000 	C:\WINDOWS\System32\ADVAPI32.dll
0x00007ffa0aae0000 - 0x00007ffa0ab88000 	C:\WINDOWS\System32\sechost.dll
0x00007ffa088d0000 - 0x00007ffa088f8000 	C:\WINDOWS\System32\bcrypt.dll
0x00007ffa08f80000 - 0x00007ffa09095000 	C:\WINDOWS\System32\RPCRT4.dll
0x00007ffa091a0000 - 0x00007ffa091a8000 	C:\WINDOWS\System32\PSAPI.DLL
0x00007ff9ea8a0000 - 0x00007ff9ea8a9000 	C:\WINDOWS\SYSTEM32\WSOCK32.dll
0x00007ffa09360000 - 0x00007ffa093d1000 	C:\WINDOWS\System32\WS2_32.dll
0x00007ffa00810000 - 0x00007ffa0081a000 	C:\WINDOWS\SYSTEM32\VERSION.dll
0x00007ffa00a00000 - 0x00007ffa00a34000 	C:\WINDOWS\SYSTEM32\WINMM.dll
0x00007ffa06e50000 - 0x00007ffa06e68000 	C:\WINDOWS\SYSTEM32\kernel.appcore.dll
0x00007ff9f6200000 - 0x00007ff9f620a000 	C:\Devel\GalileoConnector\Java17\bin\jimage.dll
0x00007ffa05750000 - 0x00007ffa05982000 	C:\WINDOWS\SYSTEM32\DBGHELP.DLL
0x00007ffa08b30000 - 0x00007ffa08eb8000 	C:\WINDOWS\System32\combase.dll
0x00007ffa098a0000 - 0x00007ffa09977000 	C:\WINDOWS\System32\OLEAUT32.dll
0x00007ff9feb20000 - 0x00007ff9feb52000 	C:\WINDOWS\SYSTEM32\dbgcore.DLL
0x00007ffa08210000 - 0x00007ffa08289000 	C:\WINDOWS\System32\bcryptPrimitives.dll
0x00007ff9d9ce0000 - 0x00007ff9d9d1b000 	C:\Devel\GalileoConnector\Java17\bin\jdwp.dll
0x00007ff9f59d0000 - 0x00007ff9f59de000 	C:\Devel\GalileoConnector\Java17\bin\instrument.dll
0x00007ff9d7990000 - 0x00007ff9d79b5000 	C:\Devel\GalileoConnector\Java17\bin\java.dll
0x00007ff99d790000 - 0x00007ff99d867000 	C:\Devel\GalileoConnector\Java17\bin\jsvml.dll
0x00007ffa0a1d0000 - 0x00007ffa0aa2c000 	C:\WINDOWS\System32\SHELL32.dll
0x00007ffa05b10000 - 0x00007ffa06406000 	C:\WINDOWS\SYSTEM32\windows.storage.dll
0x00007ffa059d0000 - 0x00007ffa05b0e000 	C:\WINDOWS\SYSTEM32\wintypes.dll
0x00007ffa090a0000 - 0x00007ffa09195000 	C:\WINDOWS\System32\SHCORE.dll
0x00007ffa09660000 - 0x00007ffa096be000 	C:\WINDOWS\System32\shlwapi.dll
0x00007ffa07e20000 - 0x00007ffa07e41000 	C:\WINDOWS\SYSTEM32\profapi.dll
0x00007ff9f5480000 - 0x00007ff9f548c000 	C:\Devel\GalileoConnector\Java17\bin\dt_socket.dll
0x00007ffa066d0000 - 0x00007ffa066fd000 	C:\WINDOWS\SYSTEM32\IPHLPAPI.DLL
0x00007ffa07320000 - 0x00007ffa07389000 	C:\WINDOWS\system32\mswsock.dll
0x00007ffa06700000 - 0x00007ffa067f8000 	C:\WINDOWS\SYSTEM32\DNSAPI.dll
0x00007ffa091b0000 - 0x00007ffa091b9000 	C:\WINDOWS\System32\NSI.dll
0x00007ffa00a40000 - 0x00007ffa00a4a000 	C:\Windows\System32\rasadhlp.dll
0x00007ffa03660000 - 0x00007ffa036e3000 	C:\WINDOWS\System32\fwpuclnt.dll
0x00007ff9d35c0000 - 0x00007ff9d35d8000 	C:\Devel\GalileoConnector\Java17\bin\zip.dll
0x00007ff9d35a0000 - 0x00007ff9d35b9000 	C:\Devel\GalileoConnector\Java17\bin\net.dll
0x00007ffa024d0000 - 0x00007ffa02606000 	C:\WINDOWS\SYSTEM32\WINHTTP.dll
0x00007ff9ce1d0000 - 0x00007ff9ce1e6000 	C:\Devel\GalileoConnector\Java17\bin\nio.dll
0x00007ff997e80000 - 0x00007ff998063000 	C:\Devel\GalileoConnector\Java17\bin\awt.dll
0x00007ffa037e0000 - 0x00007ffa03877000 	C:\WINDOWS\SYSTEM32\apphelp.dll
0x00007ffa04140000 - 0x00007ffa041eb000 	C:\WINDOWS\system32\uxtheme.dll
0x00007ffa09740000 - 0x00007ffa09893000 	C:\WINDOWS\System32\MSCTF.dll
0x00007ffa093e0000 - 0x00007ffa09585000 	C:\WINDOWS\System32\ole32.dll
0x00007ffa04280000 - 0x00007ffa042ab000 	C:\WINDOWS\system32\DWMAPI.DLL
0x00007ff9dd380000 - 0x00007ff9dd480000 	C:\WINDOWS\system32\opengl32.dll
0x00007ff9f4150000 - 0x00007ff9f417d000 	C:\WINDOWS\SYSTEM32\GLU32.dll
0x00007ffa04f70000 - 0x00007ffa04fa9000 	C:\WINDOWS\SYSTEM32\dxcore.dll
0x00007ff99cfb0000 - 0x00007ff99d036000 	C:\Devel\GalileoConnector\Java17\bin\freetype.dll
0x00007ff99aeb0000 - 0x00007ff99af59000 	C:\Devel\GalileoConnector\Java17\bin\fontmanager.dll
0x00007ffa0aa30000 - 0x00007ffa0aae0000 	C:\WINDOWS\System32\clbcatq.dll
0x00007ffa02320000 - 0x00007ffa024d0000 	C:\WINDOWS\SYSTEM32\WindowsCodecs.dll
0x00007ff9e9ef0000 - 0x00007ff9e9f4e000 	C:\WINDOWS\system32\dataexchange.dll
0x00007ff9fef00000 - 0x00007ff9ff18b000 	C:\WINDOWS\system32\twinapi.appcore.dll
0x00007ff9f7600000 - 0x00007ff9f774b000 	C:\WINDOWS\SYSTEM32\textinputframework.dll
0x00007ffa02db0000 - 0x00007ffa02ee3000 	C:\WINDOWS\SYSTEM32\CoreMessaging.dll
0x00007ff9ffc90000 - 0x00007ff9ffffc000 	C:\WINDOWS\SYSTEM32\CoreUIComponents.dll
0x00007ffa075a0000 - 0x00007ffa075ac000 	C:\WINDOWS\SYSTEM32\CRYPTBASE.DLL
0x00007ff9ea510000 - 0x00007ff9ea5c3000 	C:\WINDOWS\WinSxS\amd64_microsoft.windows.common-controls_6595b64144ccf1df_5.82.22621.3527_none_b43b7f4b638cc64f\comctl32.dll
0x00007ffa07ba0000 - 0x00007ffa07bee000 	C:\WINDOWS\SYSTEM32\CFGMGR32.dll
0x00007ffa01590000 - 0x00007ffa01691000 	C:\WINDOWS\system32\propsys.dll
0x00007ff9f3b20000 - 0x00007ff9f3b3a000 	C:\WINDOWS\system32\NetworkExplorer.dll
0x00007ff9e7f20000 - 0x00007ff9e7f8a000 	C:\Windows\System32\thumbcache.dll
0x00007ff9f2390000 - 0x00007ff9f2580000 	C:\Windows\System32\urlmon.dll
0x00007ff9f7d10000 - 0x00007ff9f7fce000 	C:\Windows\System32\iertutil.dll
0x00007ffa06a80000 - 0x00007ffa06aa8000 	C:\Windows\System32\srvcli.dll
0x00007ffa06ab0000 - 0x00007ffa06abc000 	C:\Windows\System32\netutils.dll
0x00007ffa07110000 - 0x00007ffa0715c000 	C:\Windows\System32\SspiCli.dll
0x00007ff9f1e40000 - 0x00007ff9f1e5e000 	C:\WINDOWS\SYSTEM32\MPR.dll
0x00007ffa006c0000 - 0x00007ffa006e9000 	C:\WINDOWS\System32\p9np.dll
0x00007ffa01440000 - 0x00007ffa0144c000 	C:\WINDOWS\System32\drprov.dll
0x00007ffa000e0000 - 0x00007ffa00102000 	C:\WINDOWS\System32\ntlanman.dll
0x00007ffa000c0000 - 0x00007ffa000df000 	C:\WINDOWS\System32\davclnt.dll
0x00007ffa06660000 - 0x00007ffa066c6000 	C:\WINDOWS\System32\WINSTA.dll
0x00007ffa01c20000 - 0x00007ffa01c3a000 	C:\WINDOWS\System32\wkscli.dll
0x00007ff9e2b50000 - 0x00007ff9e2b62000 	C:\WINDOWS\SYSTEM32\cscapi.dll
0x00007ff9feb90000 - 0x00007ff9fecc5000 	C:\Windows\System32\Windows.System.Launcher.dll
0x00007ffa02f50000 - 0x00007ffa02fe3000 	C:\Windows\System32\msvcp110_win.dll
0x00007ff9ffbc0000 - 0x00007ff9ffbda000 	C:\WINDOWS\SYSTEM32\windows.staterepositorycore.dll
0x00007ff9c9b30000 - 0x00007ff9c9b86000 	C:\Windows\System32\dlnashext.dll
0x00007ff9c7890000 - 0x00007ff9c78f9000 	C:\Windows\System32\PlayToDevice.dll
0x00007ffa004b0000 - 0x00007ffa004d1000 	C:\Windows\System32\DevDispItemProvider.dll
0x00007ff9f91a0000 - 0x00007ff9f923d000 	C:\WINDOWS\System32\MMDevApi.dll
0x00007ffa07b70000 - 0x00007ffa07b9c000 	C:\WINDOWS\System32\DEVOBJ.dll
0x00007ff9cc2a0000 - 0x00007ff9cc342000 	C:\WINDOWS\system32\wpdshext.dll
0x00007ff9e6fb0000 - 0x00007ff9e716a000 	C:\WINDOWS\WinSxS\amd64_microsoft.windows.gdiplus_6595b64144ccf1df_1.1.22621.3527_none_57f93980ce19a444\gdiplus.dll
0x00007ff9dee10000 - 0x00007ff9deeae000 	C:\Windows\System32\PortableDeviceApi.dll
0x00007ffa09980000 - 0x00007ffa09df4000 	C:\WINDOWS\System32\SETUPAPI.dll
0x00007ffa080e0000 - 0x00007ffa0814b000 	C:\WINDOWS\System32\WINTRUST.dll
0x00007ffa08760000 - 0x00007ffa088c8000 	C:\WINDOWS\System32\CRYPT32.dll
0x00007ffa075e0000 - 0x00007ffa075f2000 	C:\WINDOWS\SYSTEM32\MSASN1.dll
0x00007ff9ec960000 - 0x00007ff9ec991000 	C:\Windows\System32\PortableDeviceTypes.dll
0x00007ff9ea4a0000 - 0x00007ff9ea4d7000 	C:\Windows\System32\EhStorShell.dll
0x00007ff9cb5c0000 - 0x00007ff9cb5e4000 	C:\Windows\System32\EhStorAPI.dll
0x00007ffa06c70000 - 0x00007ffa06c84000 	C:\Windows\System32\WTSAPI32.dll
0x00007ffa005f0000 - 0x00007ffa005fd000 	C:\WINDOWS\SYSTEM32\LINKINFO.dll
0x00007ffa06c90000 - 0x00007ffa06c9c000 	C:\WINDOWS\SYSTEM32\Secur32.dll
0x00007ff9f7fd0000 - 0x00007ff9f80e6000 	C:\Windows\System32\MrmCoreR.dll
0x00007ff9fed50000 - 0x00007ff9fed8d000 	C:\WINDOWS\SYSTEM32\windows.staterepositoryclient.dll
0x00007ff9f3a40000 - 0x00007ff9f3a72000 	C:\Windows\System32\bcp47mrm.dll
0x00007ff9f4710000 - 0x00007ff9f4885000 	C:\Windows\System32\Windows.UI.dll

dbghelp: loaded successfully - version: 4.0.5 - missing functions: none
symbol engine: initialized successfully - sym options: 0x614 - pdb path: .;C:\Devel\GalileoConnector\Java17\bin;C:\WINDOWS\SYSTEM32;C:\WINDOWS\WinSxS\amd64_microsoft.windows.common-controls_6595b64144ccf1df_6.0.22621.3527_none_270e469b73872a76;C:\Devel\GalileoConnector\Java17\bin\server;C:\WINDOWS\WinSxS\amd64_microsoft.windows.common-controls_6595b64144ccf1df_5.82.22621.3527_none_b43b7f4b638cc64f;C:\WINDOWS\WinSxS\amd64_microsoft.windows.gdiplus_6595b64144ccf1df_1.1.22621.3527_none_57f93980ce19a444

VM Arguments:
jvm_args: -XX:+ShowCodeDetailsInExceptionMessages -agentlib:jdwp=transport=dt_socket,suspend=y,address=localhost:64418 -javaagent:C:\eclipse_2020\eclipse\configuration\org.eclipse.osgi\405\0\.cp\lib\javaagent-shaded.jar -Dfile.encoding=Cp1252 
java_command: Uinterface
java_class_path (initial): C:\Users\enrsto\eclipse-workspace_stock_2019\UpdateInterface\bin
Launcher Type: SUN_STANDARD

[Global flags]
     intx CICompilerCount                          = 2                                         {product} {ergonomic}
     uint ConcGCThreads                            = 1                                         {product} {ergonomic}
     uint G1ConcRefinementThreads                  = 2                                         {product} {ergonomic}
   size_t G1HeapRegionSize                         = 2097152                                   {product} {ergonomic}
    uintx GCDrainStackTargetSize                   = 64                                        {product} {ergonomic}
   size_t InitialHeapSize                          = 264241152                                 {product} {ergonomic}
   size_t MarkStackSize                            = 4194304                                   {product} {ergonomic}
   size_t MaxHeapSize                              = 4202692608                                {product} {ergonomic}
   size_t MaxNewSize                               = 2520776704                                {product} {ergonomic}
   size_t MinHeapDeltaBytes                        = 2097152                                   {product} {ergonomic}
   size_t MinHeapSize                              = 8388608                                   {product} {ergonomic}
    uintx NonNMethodCodeHeapSize                   = 5826188                                {pd product} {ergonomic}
    uintx NonProfiledCodeHeapSize                  = 122916026                              {pd product} {ergonomic}
    uintx ProfiledCodeHeapSize                     = 122916026                              {pd product} {ergonomic}
    uintx ReservedCodeCacheSize                    = 251658240                              {pd product} {ergonomic}
     bool SegmentedCodeCache                       = true                                      {product} {ergonomic}
     bool ShowCodeDetailsInExceptionMessages       = true                                   {manageable} {command line}
   size_t SoftMaxHeapSize                          = 4202692608                             {manageable} {ergonomic}
     bool UseCompressedClassPointers               = true                           {product lp64_product} {ergonomic}
     bool UseCompressedOops                        = true                           {product lp64_product} {ergonomic}
     bool UseG1GC                                  = true                                      {product} {ergonomic}
     bool UseLargePagesIndividualAllocation        = false                                  {pd product} {ergonomic}

Logging:
Log output configuration:
 #0: stdout all=warning uptime,level,tags
 #1: stderr all=off uptime,level,tags

Environment Variables:
JAVA_HOME=C:\Devel\GalileoConnectorN\java
CLASSPATH=C:\WDSC\JAVA
PATH=C:/eclipse_2020/eclipse//plugins/org.eclipse.justj.openjdk.hotspot.jre.full.win32.x86_64_15.0.1.v20201027-0507/jre/bin/server;C:/eclipse_2020/eclipse//plugins/org.eclipse.justj.openjdk.hotspot.jre.full.win32.x86_64_15.0.1.v20201027-0507/jre/bin;C:\Devel\GalileoConnectorN\java21\bin;C:\ibmdebug\bin;C:\WDSC;C:\ProgramData\Oracle\Java\javapath;C:\WINDOWS\system32;C:\WINDOWS;C:\WINDOWS\System32\Wbem;C:\WINDOWS\System32\WindowsPowerShell\v1.0\;C:\WINDOWS\System32\OpenSSH\;C:\Program Files\OpenVPN\bin;C:\Program Files\PuTTY\;C:\VRPGRT\SYSTEM;C:\VRPGRT;C:\Program Files (x86)\IBM\Client Access\Emulator;C:\Program Files (x86)\IBM\Client Access\Shared;C:\Program Files (x86)\IBM\Client Access\;C:\Devel\GalileoConnector\Java11\bin;C:\corsoJava\maven\bin;C:\Users\enrsto\AppData\Roaming\nvm;C:\Program Files\nodejs;C:\Program Files\Git\cmd;C:\Program Files\Meld\;C:\Program Files\nodejs\;C:\Program Files (x86)\Microsoft SQL Server\160\DTS\Binn\;C:\Program Files (x86)\Microsoft SQL Server\160\Tools\Binn\;C:\Program Files\Microsoft SQL Server\160\Tools\Binn\;C:\Program Files\Microsoft SQL Server\Client SDK\ODBC\170\Tools\Binn\;C:\Program Files\Microsoft SQL Server\160\DTS\Binn\;C:\Users\enrsto\AppData\Local\Microsoft\WindowsApps;C:\Users\enrsto\AppData\Local\Programs\Microsoft VS Code\bin;C:\Users\enrsto\AppData\Roaming\nvm;C:\Program Files\nodejs;C:\Users\enrsto\AppData\Roaming\nvm\v14.21.3;C:\Users\enrsto\AppData\Roaming\npm;C:\eclipse_2020\eclipse;
USERNAME=enrsto
OS=Windows_NT
PROCESSOR_IDENTIFIER=Intel64 Family 6 Model 142 Stepping 12, GenuineIntel
TMP=C:\Users\enrsto\AppData\Local\Temp
TEMP=C:\Users\enrsto\AppData\Local\Temp



---------------  S Y S T E M  ---------------

OS:
 Windows 11 , 64 bit Build 22621 (10.0.22621.3527)
OS uptime: 11 days 7:33 hours

CPU: total 8 (initial active 2) (4 cores per cpu, 2 threads per core) family 6 model 142 stepping 12 microcode 0xea, cx8, cmov, fxsr, ht, mmx, 3dnowpref, sse, sse2, sse3, ssse3, sse4.1, sse4.2, popcnt, lzcnt, tsc, tscinvbit, avx, avx2, aes, erms, clmul, bmi1, bmi2, adx, fma, vzeroupper, clflush, clflushopt

Memory: 4k page, system-wide physical 16026M (4281M free)
TotalPageFile size 31394M (AvailPageFile size 4997M)
current process WorkingSet (physical memory assigned to process): 124M, peak: 141M
current process commit charge ("private bytes"): 370M, peak: 389M

vm_info: OpenJDK 64-Bit Server VM (17.0.4.1+1-LTS) for windows-amd64 JRE (17.0.4.1+1-LTS), built on Aug 25 2022 14:14:16 by "" with MS VC++ 16.10 / 16.11 (VS2019)

END.
